To honour the JVM settings for this build a single-use Daemon process will be forked. For more on this, please refer to https://docs.gradle.org/9.5.1/userguide/gradle_daemon.html#sec:disabling_the_daemon in the Gradle documentation.
Daemon will be stopped at the end of the build 
> Task :preBuild UP-TO-DATE
> Task :preDebugBuild UP-TO-DATE
> Task :generateDebugResources UP-TO-DATE
> Task :packageDebugResources UP-TO-DATE
> Task :processDebugNavigationResources UP-TO-DATE
> Task :parseDebugLocalResources UP-TO-DATE
> Task :generateDebugRFile UP-TO-DATE
> Task :compileDebugKotlin UP-TO-DATE
> Task :javaPreCompileDebug UP-TO-DATE
> Task :compileDebugJavaWithJavac NO-SOURCE
> Task :checkDebugAarMetadata UP-TO-DATE
> Task :compileDebugNavigationResources UP-TO-DATE
> Task :mapDebugSourceSetPaths UP-TO-DATE
> Task :mergeDebugResources UP-TO-DATE
> Task :createDebugCompatibleScreenManifests UP-TO-DATE
> Task :extractDeepLinksDebug UP-TO-DATE
> Task :processDebugMainManifest
> Task :processDebugManifest
> Task :preDebugUnitTestBuild UP-TO-DATE
> Task :preparePaparazziDebugResources
> Task :processDebugJavaRes
> Task :processDebugManifestForPackage
> Task :javaPreCompileDebugUnitTest
> Task :processDebugResources
> Task :bundleDebugClassesToRuntimeJar
> Task :bundleDebugClassesToCompileJar
> Task :compileDebugUnitTestKotlin
> Task :processDebugUnitTestJavaRes
> Task :compileDebugUnitTestJavaWithJavac NO-SOURCE
> Task :transformDebugUnitTestClassesWithAsm

> Task :testDebugUnitTest
See the Paparazzi report at: file:///Users/zhuxi/AI/magpie_eye/experiments/fastlane-spike/coexist-probe/build/reports/paparazzi/debug/index.html

> Task :recordPaparazziDebug

BUILD SUCCESSFUL in 30s
26 actionable tasks: 13 executed, 13 up-to-date
Consider enabling configuration cache to speed up this build: https://docs.gradle.org/9.5.1/userguide/configuration_cache_enabling.html
To honour the JVM settings for this build a single-use Daemon process will be forked. For more on this, please refer to https://docs.gradle.org/9.5.1/userguide/gradle_daemon.html#sec:disabling_the_daemon in the Gradle documentation.
Daemon will be stopped at the end of the build 
> Task :preBuild UP-TO-DATE
> Task :preDebugBuild UP-TO-DATE
> Task :generateDebugResources UP-TO-DATE
> Task :packageDebugResources UP-TO-DATE
> Task :processDebugNavigationResources UP-TO-DATE
> Task :parseDebugLocalResources UP-TO-DATE
> Task :generateDebugRFile UP-TO-DATE
> Task :compileDebugKotlin UP-TO-DATE
> Task :javaPreCompileDebug UP-TO-DATE
> Task :compileDebugJavaWithJavac NO-SOURCE
> Task :checkDebugAarMetadata UP-TO-DATE
> Task :compileDebugNavigationResources UP-TO-DATE
> Task :mapDebugSourceSetPaths UP-TO-DATE
> Task :mergeDebugResources UP-TO-DATE
> Task :createDebugCompatibleScreenManifests UP-TO-DATE
> Task :extractDeepLinksDebug UP-TO-DATE
> Task :processDebugMainManifest UP-TO-DATE
> Task :processDebugManifest UP-TO-DATE
> Task :processDebugManifestForPackage UP-TO-DATE
> Task :processDebugResources UP-TO-DATE
> Task :bundleDebugClassesToRuntimeJar UP-TO-DATE
> Task :preDebugUnitTestBuild UP-TO-DATE
> Task :preparePaparazziDebugResources UP-TO-DATE
> Task :processDebugJavaRes UP-TO-DATE
> Task :bundleDebugClassesToCompileJar UP-TO-DATE
> Task :javaPreCompileDebugUnitTest UP-TO-DATE
> Task :compileDebugUnitTestKotlin
> Task :processDebugUnitTestJavaRes
> Task :compileDebugUnitTestJavaWithJavac NO-SOURCE
> Task :transformDebugUnitTestClassesWithAsm

> Task :testDebugUnitTest
See the Paparazzi report at: file:///Users/zhuxi/AI/magpie_eye/experiments/fastlane-spike/coexist-probe/build/reports/paparazzi/debug/index.html

> Task :recordPaparazziDebug

BUILD SUCCESSFUL in 10s
26 actionable tasks: 4 executed, 22 up-to-date
Consider enabling configuration cache to speed up this build: https://docs.gradle.org/9.5.1/userguide/configuration_cache_enabling.html
